[2025-10-18T06:20:46.7291751Z] 127.0.0.1:58092 - GET / - Headers: Host, Connection, sec-ch-ua, sec-ch-ua-mobile, sec-ch-ua-platform, Upgrade-Insecure-Requests, User-Agent, Accept, Sec-Fetch-Site, Sec-Fetch-Mode, Sec-Fetch-User, Sec-Fetch-Dest, Accept-Encoding, Accept-Language, Cookie
[2025-10-18T06:20:46.7623366Z] 127.0.0.1:58093 - GET /styles.css - Headers: Host, Connection, sec-ch-ua-platform, User-Agent, sec-ch-ua, sec-ch-ua-mobile, Accept, Sec-Fetch-Site, Sec-Fetch-Mode, Sec-Fetch-Dest, Referer, Accept-Encoding, Accept-Language, Cookie
[2025-10-18T06:20:46.9668893Z] 127.0.0.1:58095 - GET /imagen.png - Headers: Host, Connection, sec-ch-ua-platform, User-Agent, sec-ch-ua, sec-ch-ua-mobile, Accept, Sec-Fetch-Site, Sec-Fetch-Mode, Sec-Fetch-Dest, Referer, Accept-Encoding, Accept-Language, Cookie
[2025-10-18T06:20:47.0761349Z] 127.0.0.1:58097 - GET /script.js - Headers: Host, Connection, sec-ch-ua-platform, User-Agent, sec-ch-ua, sec-ch-ua-mobile, Accept, Sec-Fetch-Site, Sec-Fetch-Mode, Sec-Fetch-Dest, Referer, Accept-Encoding, Accept-Language, Cookie
[2025-10-18T06:20:47.4513769Z] 127.0.0.1:58100 - GET /favicon.ico - Headers: Host, Connection, sec-ch-ua-platform, User-Agent, sec-ch-ua, sec-ch-ua-mobile, Accept, Sec-Fetch-Site, Sec-Fetch-Mode, Sec-Fetch-Dest, Referer, Accept-Encoding, Accept-Language, Cookie
[2025-10-18T06:26:42.4785991Z] 127.0.0.1:58101 - GET / - Headers: 
[2025-10-18T06:26:42.5142271Z] Error manejando cliente 127.0.0.1:58101: System.IO.IOException: Unable to write data to the transport connection: Se ha anulado una conexión establecida por el software en su equipo host...
 ---> System.Net.Sockets.SocketException (10053): Se ha anulado una conexión establecida por el software en su equipo host..
   at System.Net.Sockets.Socket.AwaitableSocketAsyncEventArgs.CreateException(SocketError error, Boolean forAsyncThrow)
   at System.Net.Sockets.Socket.AwaitableSocketAsyncEventArgs.SendAsyncForNetworkStream(Socket socket, CancellationToken cancellationToken)
   at System.Net.Sockets.Socket.SendAsyncForNetworkStream(ReadOnlyMemory`1 buffer, SocketFlags socketFlags, CancellationToken cancellationToken)
   at System.Net.Sockets.NetworkStream.WriteAsync(Byte[] buffer, Int32 offset, Int32 count, CancellationToken cancellationToken)
   at System.IO.Stream.WriteAsync(Byte[] buffer, Int32 offset, Int32 count)
   at WebServer.SendFileResponse(NetworkStream stream, String filePath, Int32 statusCode, HttpRequest request) in C:\Users\Admin\Desktop\Proyecto final - Programacion Redes\Proyecto final\MiniWebServer\WebServer.cs:line 149
   at System.Threading.ExecutionContext.RunInternal(ExecutionContext executionContext, ContextCallback callback, Object state)
   at System.Runtime.CompilerServices.AsyncTaskMethodBuilder`1.AsyncStateMachineBox`1.MoveNext(Thread threadPoolThread)
   at System.Threading.Tasks.AwaitTaskContinuation.RunOrScheduleAction(IAsyncStateMachineBox box, Boolean allowInlining)
   at System.Threading.Tasks.Task.RunContinuations(Object continuationObject)
   at System.Threading.Tasks.Task`1.TrySetResult(TResult result)
   at System.Runtime.CompilerServices.AsyncTaskMethodBuilder`1.SetExistingTaskResult(Task`1 task, TResult result)
   at System.IO.File.InternalReadAllBytesAsync(SafeFileHandle sfh, Int32 count, CancellationToken cancellationToken)
   at System.Runtime.CompilerServices.AsyncTaskMethodBuilder`1.AsyncStateMachineBox`1.ExecutionContextCallback(Object s)
   at System.Threading.ExecutionContext.RunFromThreadPoolDispatchLoop(Thread threadPoolThread, ExecutionContext executionContext, ContextCallback callback, Object state)
   at System.Runtime.CompilerServices.AsyncTaskMethodBuilder`1.AsyncStateMachineBox`1.MoveNext(Thread threadPoolThread)
   at System.Runtime.CompilerServices.AsyncTaskMethodBuilder`1.AsyncStateMachineBox`1.ExecuteFromThreadPool(Thread threadPoolThread)
   at System.Threading.ThreadPoolWorkQueue.Dispatch()
   at System.Threading.PortableThreadPool.WorkerThread.WorkerThreadStart()
--- End of stack trace from previous location ---

   --- End of inner exception stack trace ---
   at WebServer.SendFileResponse(NetworkStream stream, String filePath, Int32 statusCode, HttpRequest request) in C:\Users\Admin\Desktop\Proyecto final - Programacion Redes\Proyecto final\MiniWebServer\WebServer.cs:line 149
   at WebServer.HandleClientAsync(TcpClient client) in C:\Users\Admin\Desktop\Proyecto final - Programacion Redes\Proyecto final\MiniWebServer\WebServer.cs:line 93
[2025-10-18T06:33:53.1743088Z] 127.0.0.1:58450 - GET / - Headers: Host, User-Agent, Accept
[2025-10-18T06:34:02.9330623Z] 127.0.0.1:58457 - GET / - Headers: Host, User-Agent, Accept
[2025-10-18T06:34:35.2908363Z] 127.0.0.1:58464 - GET / - Headers: Host, User-Agent, Accept, Accept-Encoding
[2025-10-18T06:34:58.1411197Z] 127.0.0.1:58469 - GET /no-existe.html - Headers: Host, User-Agent, Accept
[2025-10-18T06:35:04.1588692Z] 127.0.0.1:58476 - GET /no-existe.html - Headers: Host, Connection, sec-ch-ua, sec-ch-ua-mobile, sec-ch-ua-platform, Upgrade-Insecure-Requests, User-Agent, Accept, Sec-Fetch-Site, Sec-Fetch-Mode, Sec-Fetch-User, Sec-Fetch-Dest, Accept-Encoding, Accept-Language, Cookie
[2025-10-18T06:39:24.2695024Z] 127.0.0.1:58477 - GET / - Headers: 
[2025-10-18T06:39:24.2695023Z] 127.0.0.1:58480 - GET / - Headers: 
[2025-10-18T06:39:24.2710029Z] Error manejando cliente 127.0.0.1:58477: System.IO.IOException: Unable to write data to the transport connection: Se ha anulado una conexión establecida por el software en su equipo host...
 ---> System.Net.Sockets.SocketException (10053): Se ha anulado una conexión establecida por el software en su equipo host..
   at System.Net.Sockets.Socket.AwaitableSocketAsyncEventArgs.CreateException(SocketError error, Boolean forAsyncThrow)
   at System.Net.Sockets.Socket.AwaitableSocketAsyncEventArgs.SendAsyncForNetworkStream(Socket socket, CancellationToken cancellationToken)
   at System.Net.Sockets.Socket.SendAsyncForNetworkStream(ReadOnlyMemory`1 buffer, SocketFlags socketFlags, CancellationToken cancellationToken)
   at System.Net.Sockets.NetworkStream.WriteAsync(Byte[] buffer, Int32 offset, Int32 count, CancellationToken cancellationToken)
   at System.IO.Stream.WriteAsync(Byte[] buffer, Int32 offset, Int32 count)
   at WebServer.SendFileResponse(NetworkStream stream, String filePath, Int32 statusCode, HttpRequest request) in C:\Users\Admin\Desktop\Proyecto final - Programacion Redes\Proyecto final\MiniWebServer\WebServer.cs:line 149
   at System.Threading.ExecutionContext.RunInternal(ExecutionContext executionContext, ContextCallback callback, Object state)
   at System.Runtime.CompilerServices.AsyncTaskMethodBuilder`1.AsyncStateMachineBox`1.MoveNext(Thread threadPoolThread)
   at System.Threading.Tasks.AwaitTaskContinuation.RunOrScheduleAction(IAsyncStateMachineBox box, Boolean allowInlining)
   at System.Threading.Tasks.Task.RunContinuations(Object continuationObject)
   at System.Runtime.CompilerServices.AsyncTaskMethodBuilder`1.SetExistingTaskResult(Task`1 task, TResult result)
   at System.IO.File.InternalReadAllBytesAsync(SafeFileHandle sfh, Int32 count, CancellationToken cancellationToken)
   at System.Runtime.CompilerServices.AsyncTaskMethodBuilder`1.AsyncStateMachineBox`1.ExecutionContextCallback(Object s)
   at System.Threading.ExecutionContext.RunFromThreadPoolDispatchLoop(Thread threadPoolThread, ExecutionContext executionContext, ContextCallback callback, Object state)
   at System.Runtime.CompilerServices.AsyncTaskMethodBuilder`1.AsyncStateMachineBox`1.MoveNext(Thread threadPoolThread)
   at System.Runtime.CompilerServices.AsyncTaskMethodBuilder`1.AsyncStateMachineBox`1.ExecuteFromThreadPool(Thread threadPoolThread)
   at System.Threading.ThreadPoolWorkQueue.Dispatch()
   at System.Threading.PortableThreadPool.WorkerThread.WorkerThreadStart()
--- End of stack trace from previous location ---

   --- End of inner exception stack trace ---
   at WebServer.SendFileResponse(NetworkStream stream, String filePath, Int32 statusCode, HttpRequest request) in C:\Users\Admin\Desktop\Proyecto final - Programacion Redes\Proyecto final\MiniWebServer\WebServer.cs:line 149
   at WebServer.HandleClientAsync(TcpClient client) in C:\Users\Admin\Desktop\Proyecto final - Programacion Redes\Proyecto final\MiniWebServer\WebServer.cs:line 93
[2025-10-18T06:39:24.2710034Z] Error manejando cliente 127.0.0.1:58480: System.IO.IOException: Unable to write data to the transport connection: Se ha anulado una conexión establecida por el software en su equipo host...
 ---> System.Net.Sockets.SocketException (10053): Se ha anulado una conexión establecida por el software en su equipo host..
   at System.Net.Sockets.Socket.AwaitableSocketAsyncEventArgs.CreateException(SocketError error, Boolean forAsyncThrow)
   at System.Net.Sockets.Socket.AwaitableSocketAsyncEventArgs.SendAsyncForNetworkStream(Socket socket, CancellationToken cancellationToken)
   at System.Net.Sockets.Socket.SendAsyncForNetworkStream(ReadOnlyMemory`1 buffer, SocketFlags socketFlags, CancellationToken cancellationToken)
   at System.Net.Sockets.NetworkStream.WriteAsync(Byte[] buffer, Int32 offset, Int32 count, CancellationToken cancellationToken)
   at System.IO.Stream.WriteAsync(Byte[] buffer, Int32 offset, Int32 count)
   at WebServer.SendFileResponse(NetworkStream stream, String filePath, Int32 statusCode, HttpRequest request) in C:\Users\Admin\Desktop\Proyecto final - Programacion Redes\Proyecto final\MiniWebServer\WebServer.cs:line 149
   at System.Threading.ExecutionContext.RunInternal(ExecutionContext executionContext, ContextCallback callback, Object state)
   at System.Runtime.CompilerServices.AsyncTaskMethodBuilder`1.AsyncStateMachineBox`1.MoveNext(Thread threadPoolThread)
   at System.Threading.Tasks.AwaitTaskContinuation.RunOrScheduleAction(IAsyncStateMachineBox box, Boolean allowInlining)
   at System.Threading.Tasks.Task.RunContinuations(Object continuationObject)
   at System.Runtime.CompilerServices.AsyncTaskMethodBuilder`1.SetExistingTaskResult(Task`1 task, TResult result)
   at System.IO.File.InternalReadAllBytesAsync(SafeFileHandle sfh, Int32 count, CancellationToken cancellationToken)
   at System.Runtime.CompilerServices.AsyncTaskMethodBuilder`1.AsyncStateMachineBox`1.ExecutionContextCallback(Object s)
   at System.Threading.ExecutionContext.RunFromThreadPoolDispatchLoop(Thread threadPoolThread, ExecutionContext executionContext, ContextCallback callback, Object state)
   at System.Runtime.CompilerServices.AsyncTaskMethodBuilder`1.AsyncStateMachineBox`1.MoveNext(Thread threadPoolThread)
   at System.Runtime.CompilerServices.AsyncTaskMethodBuilder`1.AsyncStateMachineBox`1.ExecuteFromThreadPool(Thread threadPoolThread)
   at System.Threading.ThreadPoolWorkQueue.Dispatch()
   at System.Threading.PortableThreadPool.WorkerThread.WorkerThreadStart()
--- End of stack trace from previous location ---

   --- End of inner exception stack trace ---
   at WebServer.SendFileResponse(NetworkStream stream, String filePath, Int32 statusCode, HttpRequest request) in C:\Users\Admin\Desktop\Proyecto final - Programacion Redes\Proyecto final\MiniWebServer\WebServer.cs:line 149
   at WebServer.HandleClientAsync(TcpClient client) in C:\Users\Admin\Desktop\Proyecto final - Programacion Redes\Proyecto final\MiniWebServer\WebServer.cs:line 93
[2025-10-18T06:49:04.6469526Z] Error manejando cliente 127.0.0.1:59353: System.IO.IOException: Unable to read data from the transport connection: Se ha forzado la interrupción de una conexión existente por el host remoto..
 ---> System.Net.Sockets.SocketException (10054): Se ha forzado la interrupción de una conexión existente por el host remoto.
   --- End of inner exception stack trace ---
   at System.Net.Sockets.Socket.AwaitableSocketAsyncEventArgs.ThrowException(SocketError error, CancellationToken cancellationToken)
   at System.Net.Sockets.Socket.AwaitableSocketAsyncEventArgs.System.Threading.Tasks.Sources.IValueTaskSource<System.Int32>.GetResult(Int16 token)
   at System.Threading.Tasks.ValueTask`1.ValueTaskSourceAsTask.<>c.<.cctor>b__4_0(Object state)
--- End of stack trace from previous location ---
   at HttpRequest.ParseAsync(Stream stream) in C:\Users\Admin\Desktop\Proyecto final - Programacion Redes\Proyecto final\MiniWebServer\HttpRequest.cs:line 72
   at WebServer.HandleClientAsync(TcpClient client) in C:\Users\Admin\Desktop\Proyecto final - Programacion Redes\Proyecto final\MiniWebServer\WebServer.cs:line 46
